<?xml version="1.0" encoding="UTF-8"?>
<!-- Generated by org.testng.reporters.JUnitXMLReporter -->
<testsuite ignored="12" hostname="DESKTOP-493EAAE" failures="0" tests="29" name="Test" time="18.894" errors="0" timestamp="2022-03-04T19:54:19 IST">
  <testcase classname="test.Testingbaba_buttons_test" name="@BeforeTest launchtestingbaba" time="5.453">
    <failure type="org.openqa.selenium.ElementClickInterceptedException" message="element click intercepted: Element &amp;lt;a class=&amp;quot;nav-link&amp;quot; href=&amp;quot;newdemo.html&amp;quot;&amp;gt;...&amp;lt;/a&amp;gt; is not clickable at point (601, 40). Other element would receive the click: &amp;lt;div class=&amp;quot;modal-header&amp;quot;&amp;gt;...&amp;lt;/div&amp;gt;
  (Session info: chrome=98.0.4758.102)
Build info: version: &amp;apos;4.1.2&amp;apos;, revision: &amp;apos;9a5a329c5a&amp;apos;
System info: host: &amp;apos;DESKTOP-493EAAE&amp;apos;, ip: &amp;apos;192.168.1.6&amp;apos;, os.name: &amp;apos;Windows 10&amp;apos;, os.arch: &amp;apos;amd64&amp;apos;, os.version: &amp;apos;10.0&amp;apos;, java.version: &amp;apos;17.0.2&amp;apos;
Driver info: org.openqa.selenium.chrome.ChromeDriver
Command: [04681b6eefe91cf53be761c883812a36, clickElement {id=3afe1957-8498-43ca-816e-66f9c4d85254}]
Capabilities {acceptInsecureCerts: false, browserName: chrome, browserVersion: 98.0.4758.102, chrome: {chromedriverVersion: 97.0.4692.71 (adefa7837d02a..., userDataDir: C:\Users\dubey\AppData\Loca...}, goog:chromeOptions: {debuggerAddress: localhost:50248}, javascriptEnabled: true, networkConnectionEnabled: false, pageLoadStrategy: normal, platform: WINDOWS, platformName: WINDOWS, proxy: Proxy(), se:cdp: ws://localhost:50248/devtoo..., se:cdpVersion: 98.0.4758.102, setWindowRect: true, strictFileInteractability: false, timeouts: {implicit: 0, pageLoad: 300000, script: 30000}, unhandledPromptBehavior: dismiss and notify, webauthn:extension:credBlob: true, webauthn:extension:largeBlob: true, webauthn:virtualAuthenticators: true}
Element: [[ChromeDriver: chrome on WINDOWS (04681b6eefe91cf53be761c883812a36)] -&amp;gt; xpath: //*[@id=&amp;quot;navbarSupportedContent&amp;quot;]/ul/li[5]/a]
Session ID: 04681b6eefe91cf53be761c883812a36">
      <![CDATA[org.openqa.selenium.ElementClickInterceptedException: element click intercepted: Element <a class="nav-link" href="newdemo.html">...</a> is not clickable at point (601, 40). Other element would receive the click: <div class="modal-header">...</div>
  (Session info: chrome=98.0.4758.102)
Build info: version: '4.1.2', revision: '9a5a329c5a'
System info: host: 'DESKTOP-493EAAE', ip: '192.168.1.6', os.name: 'Windows 10', os.arch: 'amd64', os.version: '10.0', java.version: '17.0.2'
Driver info: org.openqa.selenium.chrome.ChromeDriver
Command: [04681b6eefe91cf53be761c883812a36, clickElement {id=3afe1957-8498-43ca-816e-66f9c4d85254}]
Capabilities {acceptInsecureCerts: false, browserName: chrome, browserVersion: 98.0.4758.102, chrome: {chromedriverVersion: 97.0.4692.71 (adefa7837d02a..., userDataDir: C:\Users\dubey\AppData\Loca...}, goog:chromeOptions: {debuggerAddress: localhost:50248}, javascriptEnabled: true, networkConnectionEnabled: false, pageLoadStrategy: normal, platform: WINDOWS, platformName: WINDOWS, proxy: Proxy(), se:cdp: ws://localhost:50248/devtoo..., se:cdpVersion: 98.0.4758.102, setWindowRect: true, strictFileInteractability: false, timeouts: {implicit: 0, pageLoad: 300000, script: 30000}, unhandledPromptBehavior: dismiss and notify, webauthn:extension:credBlob: true, webauthn:extension:largeBlob: true, webauthn:virtualAuthenticators: true}
Element: [[ChromeDriver: chrome on WINDOWS (04681b6eefe91cf53be761c883812a36)] -> xpath: //*[@id="navbarSupportedContent"]/ul/li[5]/a]
Session ID: 04681b6eefe91cf53be761c883812a36
at org.openqa.selenium.remote.codec.w3c.W3CHttpResponseCodec.createException(W3CHttpResponseCodec.java:200)
at org.openqa.selenium.remote.codec.w3c.W3CHttpResponseCodec.decode(W3CHttpResponseCodec.java:133)
at org.openqa.selenium.remote.codec.w3c.W3CHttpResponseCodec.decode(W3CHttpResponseCodec.java:53)
at org.openqa.selenium.remote.HttpCommandExecutor.execute(HttpCommandExecutor.java:184)
at org.openqa.selenium.remote.service.DriverCommandExecutor.invokeExecute(DriverCommandExecutor.java:167)
at org.openqa.selenium.remote.service.DriverCommandExecutor.execute(DriverCommandExecutor.java:142)
at org.openqa.selenium.remote.RemoteWebDriver.execute(RemoteWebDriver.java:558)
at org.openqa.selenium.remote.RemoteWebElement.execute(RemoteWebElement.java:251)
at org.openqa.selenium.remote.RemoteWebElement.click(RemoteWebElement.java:77)
at org.openqa.selenium.support.pagefactory.internal.LocatingElementHandler.invoke(LocatingElementHandler.java:52)
at jdk.proxy2/jdk.proxy2.$Proxy16.click(Unknown Source)
at pages.Testingbaba_buttons_page.closebtn(Testingbaba_buttons_page.java:48)
at test.Testingbaba_buttons_test.launchtestingbaba(Testingbaba_buttons_test.java:23)
... Removed 33 stack frames]]>
    </failure>
  </testcase> <!-- @BeforeTest launchtestingbaba -->
  <testcase classname="test.Testingbaba_checkbox_test" name="@BeforeTest launchtestingbaba" time="-1.646403859004E9">
    <skipped/>
  </testcase> <!-- @BeforeTest launchtestingbaba -->
  <testcase classname="test.Testingbaba_dropdown_test" name="@BeforeTest launchtestingbaba" time="-1.646403859007E9">
    <skipped/>
  </testcase> <!-- @BeforeTest launchtestingbaba -->
  <testcase classname="test.Testingbaba_launch_test" name="@BeforeTest launchtestingbaba" time="-1.646403859011E9">
    <skipped/>
  </testcase> <!-- @BeforeTest launchtestingbaba -->
  <testcase classname="test.Testingbaba_links_test" name="@BeforeTest launchtestingbaba" time="-1.646403859014E9">
    <skipped/>
  </testcase> <!-- @BeforeTest launchtestingbaba -->
  <testcase classname="test.Testingbaba_menu_test" name="@BeforeTest launchtestingbaba" time="-1.646403859021E9">
    <skipped/>
  </testcase> <!-- @BeforeTest launchtestingbaba -->
  <testcase classname="test.Testingbaba_mousehover_test" name="@BeforeTest launchtestingbaba" time="-1.64640385903E9">
    <skipped/>
  </testcase> <!-- @BeforeTest launchtestingbaba -->
  <testcase classname="test.Testingbaba_radio_test" name="@BeforeTest launchtestingbaba" time="-1.646403859036E9">
    <skipped/>
  </testcase> <!-- @BeforeTest launchtestingbaba -->
  <testcase classname="test.Testingbaba_textbox_test" name="@BeforeTest launchtestingbaba" time="-1.646403859038E9">
    <skipped/>
  </testcase> <!-- @BeforeTest launchtestingbaba -->
  <testcase classname="test.Testingbaba_upload_test" name="@BeforeTest launchtestingbaba" time="-1.646403859042E9">
    <skipped/>
  </testcase> <!-- @BeforeTest launchtestingbaba -->
  <testcase classname="test.Testingbaba_webtables_test" name="@BeforeTest launchtestingbaba" time="-1.646403859045E9">
    <skipped/>
  </testcase> <!-- @BeforeTest launchtestingbaba -->
  <testcase classname="baselibrary.Baselibrary" name="@AfterTest Teardown" time="-1.646403859312E9">
    <skipped/>
  </testcase> <!-- @AfterTest Teardown -->
  <testcase classname="test.Testingbaba_textbox_test" name="gettitle" time="0.0">
    <skipped/>
  </testcase> <!-- gettitle -->
  <testcase classname="test.Testingbaba_textbox_test" name="clickonelements" time="0.0">
    <skipped/>
  </testcase> <!-- clickonelements -->
  <testcase classname="test.Testingbaba_textbox_test" name="filldetails" time="0.0">
    <skipped/>
  </testcase> <!-- filldetails -->
  <testcase classname="test.Testingbaba_textbox_test" name="getverify" time="0.0">
    <skipped/>
  </testcase> <!-- getverify -->
  <testcase classname="test.TestingbabaAlerts_Frame_test" name="getalerts" time="0.0">
    <skipped/>
  </testcase> <!-- getalerts -->
  <testcase classname="test.TestingbabaAlerts_Frame_test" name="getclick" time="0.0">
    <skipped/>
  </testcase> <!-- getclick -->
  <testcase classname="test.TestingbabaAlerts_Frame_test" name="getclick2" time="0.0">
    <skipped/>
  </testcase> <!-- getclick2 -->
  <testcase classname="test.TestingbabaAlerts_Frame_test" name="getclick3" time="0.0">
    <skipped/>
  </testcase> <!-- getclick3 -->
  <testcase classname="test.TestingbabaAlerts_Frame_test" name="getclick4" time="0.0">
    <skipped/>
  </testcase> <!-- getclick4 -->
  <testcase classname="test.Testingbaba_autocomplete_test" name="getweb" time="0.0">
    <skipped/>
  </testcase> <!-- getweb -->
  <testcase classname="test.Testingbaba_autocomplete_test" name="completeclick" time="0.0">
    <skipped/>
  </testcase> <!-- completeclick -->
  <testcase classname="test.Testingbaba_autocomplete_test" name="filldetails" time="0.0">
    <skipped/>
  </testcase> <!-- filldetails -->
  <testcase classname="test.Testingbaba_mousehover_test" name="click" time="0.0">
    <skipped/>
  </testcase> <!-- click -->
  <testcase classname="test.Testingbaba_mousehover_test" name="mouse" time="0.0">
    <skipped/>
  </testcase> <!-- mouse -->
  <testcase classname="test.Testingbaba_upload_test" name="getweb" time="0.0">
    <skipped/>
  </testcase> <!-- getweb -->
  <testcase classname="test.Testingbaba_upload_test" name="uploadfile" time="0.0">
    <skipped/>
  </testcase> <!-- uploadfile -->
  <testcase classname="test.Testingbaba_dropdown_test" name="getdropdown" time="0.0">
    <skipped/>
  </testcase> <!-- getdropdown -->
  <testcase classname="test.Testingbaba_buttons_test" name="getelement" time="0.0">
    <skipped/>
  </testcase> <!-- getelement -->
  <testcase classname="test.Testingbaba_buttons_test" name="getbuttn" time="0.0">
    <skipped/>
  </testcase> <!-- getbuttn -->
  <testcase classname="test.Testingbaba_buttons_test" name="doble" time="0.0">
    <skipped/>
  </testcase> <!-- doble -->
  <testcase classname="test.Testingbaba_links_test" name="elements" time="0.0">
    <skipped/>
  </testcase> <!-- elements -->
  <testcase classname="test.Testingbaba_links_test" name="links" time="0.0">
    <skipped/>
  </testcase> <!-- links -->
  <testcase classname="test.Testingbaba_launch_test" name="gettitle" time="0.0">
    <skipped/>
  </testcase> <!-- gettitle -->
  <testcase classname="test.Testingbaba_menu_test" name="gettitle" time="0.0">
    <skipped/>
  </testcase> <!-- gettitle -->
  <testcase classname="test.Testingbaba_radio_test" name="getradio" time="0.0">
    <skipped/>
  </testcase> <!-- getradio -->
  <testcase classname="test.Testingbaba_webtables_test" name="getweb" time="0.0">
    <skipped/>
  </testcase> <!-- getweb -->
  <testcase classname="test.Testingbaba_checkbox_test" name="elements" time="0.0">
    <skipped/>
  </testcase> <!-- elements -->
  <testcase classname="test.Testingbaba_checkbox_test" name="checkbox" time="0.0">
    <skipped/>
  </testcase> <!-- checkbox -->
  <testcase classname="test.Testingbaba_checkbox_test" name="mobilecheckbox" time="0.0">
    <skipped/>
  </testcase> <!-- mobilecheckbox -->
  <testcase classname="baselibrary.Baselibrary" name="@AfterTest Teardown" time="0.0">
    <ignored/>
  </testcase> <!-- @AfterTest Teardown -->
  <testcase classname="baselibrary.Baselibrary" name="@AfterTest Teardown" time="0.0">
    <ignored/>
  </testcase> <!-- @AfterTest Teardown -->
  <testcase classname="baselibrary.Baselibrary" name="@AfterTest Teardown" time="0.0">
    <ignored/>
  </testcase> <!-- @AfterTest Teardown -->
  <testcase classname="baselibrary.Baselibrary" name="@AfterTest Teardown" time="0.0">
    <ignored/>
  </testcase> <!-- @AfterTest Teardown -->
  <testcase classname="baselibrary.Baselibrary" name="@AfterTest Teardown" time="0.0">
    <ignored/>
  </testcase> <!-- @AfterTest Teardown -->
  <testcase classname="baselibrary.Baselibrary" name="@AfterTest Teardown" time="0.0">
    <ignored/>
  </testcase> <!-- @AfterTest Teardown -->
  <testcase classname="baselibrary.Baselibrary" name="@AfterTest Teardown" time="0.0">
    <ignored/>
  </testcase> <!-- @AfterTest Teardown -->
  <testcase classname="baselibrary.Baselibrary" name="@AfterTest Teardown" time="0.0">
    <ignored/>
  </testcase> <!-- @AfterTest Teardown -->
  <testcase classname="baselibrary.Baselibrary" name="@AfterTest Teardown" time="0.0">
    <ignored/>
  </testcase> <!-- @AfterTest Teardown -->
  <testcase classname="baselibrary.Baselibrary" name="@AfterTest Teardown" time="0.0">
    <ignored/>
  </testcase> <!-- @AfterTest Teardown -->
  <testcase classname="baselibrary.Baselibrary" name="@AfterTest Teardown" time="0.0">
    <ignored/>
  </testcase> <!-- @AfterTest Teardown -->
  <testcase classname="baselibrary.Baselibrary" name="@AfterTest Teardown" time="0.0">
    <ignored/>
  </testcase> <!-- @AfterTest Teardown -->
</testsuite> <!-- Test -->
