<!DOCTYPE html PUBLIC "-//W3C//DTD XHTML 1.1//EN" "https://www.w3.org/TR/xhtml11/DTD/xhtml11.dtd">
<html xmlns="https://www.w3.org/1999/xhtml">
<head>
<meta http-equiv="content-type" content="text/html; charset=UTF-8"/>
<title>TestNG Report</title>
<style type="text/css">table {margin-bottom:10px;border-collapse:collapse;empty-cells:show}th,td {border:1px solid #009;padding:.25em .5em}th {vertical-align:bottom}td {vertical-align:top}table a {font-weight:bold}.stripe td {background-color: #E6EBF9}.num {text-align:right}.passedodd td {background-color: #3F3}.passedeven td {background-color: #0A0}.skippedodd td {background-color: #DDD}.skippedeven td {background-color: #CCC}.failedodd td,.attn {background-color: #F33}.failedeven td,.stripe .attn {background-color: #D00}.stacktrace {white-space:pre;font-family:monospace}.totop {font-size:85%;text-align:center;border-bottom:2px solid #000}.invisible {display:none}</style>
</head>
<body>
<table>
<tr><th>Test</th><th># Passed</th><th># Skipped</th><th># Retried</th><th># Failed</th><th>Time (ms)</th><th>Included Groups</th><th>Excluded Groups</th></tr>
<tr><th colspan="8">Testingbaba</th></tr>
<tr><td><a href="#t0">smoke</a></td><td class="num">1</td><td class="num">0</td><td class="num">0</td><td class="num">0</td><td class="num">8,112</td><td></td><td></td></tr>
<tr class="stripe"><td><a href="#t1">Textbox</a></td><td class="num">4</td><td class="num">0</td><td class="num">0</td><td class="num">0</td><td class="num">9,328</td><td></td><td></td></tr>
<tr><td><a href="#t2">buttons</a></td><td class="num">3</td><td class="num">0</td><td class="num">0</td><td class="num">0</td><td class="num">8,422</td><td></td><td></td></tr>
<tr class="stripe"><td><a href="#t3">checkbox</a></td><td class="num">3</td><td class="num">0</td><td class="num">0</td><td class="num">0</td><td class="num">9,262</td><td></td><td></td></tr>
<tr><td><a href="#t4">dropdown</a></td><td class="num">1</td><td class="num">0</td><td class="num">0</td><td class="num">0</td><td class="num">7,245</td><td></td><td></td></tr>
<tr class="stripe"><td><a href="#t5">links</a></td><td class="num">0</td><td class="num attn">2</td><td class="num">0</td><td class="num">0</td><td class="num">5,979</td><td></td><td></td></tr>
<tr><td><a href="#t6">radio</a></td><td class="num">1</td><td class="num">0</td><td class="num">0</td><td class="num">0</td><td class="num">8,072</td><td></td><td></td></tr>
<tr class="stripe"><td><a href="#t7">autocomplete</a></td><td class="num">3</td><td class="num">0</td><td class="num">0</td><td class="num">0</td><td class="num">10,875</td><td></td><td></td></tr>
<tr><td><a href="#t8">Webtable</a></td><td class="num">1</td><td class="num">0</td><td class="num">0</td><td class="num">0</td><td class="num">11,780</td><td></td><td></td></tr>
<tr class="stripe"><td><a href="#t9">Flipkart</a></td><td class="num">1</td><td class="num">0</td><td class="num">0</td><td class="num attn">1</td><td class="num">23,451</td><td></td><td></td></tr>
<tr><td><a href="#t10">Flipkart_Buy_product</a></td><td class="num">1</td><td class="num">0</td><td class="num">0</td><td class="num">0</td><td class="num">8,623</td><td></td><td></td></tr>
<tr class="stripe"><td><a href="#t11">Makemytrip</a></td><td class="num">2</td><td class="num">0</td><td class="num">0</td><td class="num">0</td><td class="num">28,019</td><td></td><td></td></tr>
<tr><th>Total</th><th class="num">21</th><th class="num attn">2</th><th class="num">0</th><th class="num attn">1</th><th class="num">139,168</th><th colspan="2"></th></tr>
</table>
<table id='summary'><thead><tr><th>Class</th><th>Method</th><th>Start</th><th>Time (ms)</th></tr></thead><tbody><tr><th colspan="4">Testingbaba</th></tr></tbody><tbody id="t0"><tr><th colspan="4">smoke &#8212; passed</th></tr><tr class="passedeven"><td rowspan="1">test.Testingbaba_launch_test</td><td><a href="#m0">LaunchTestingBaba_test01</a></td><td rowspan="1">1647585425734</td><td rowspan="1">18</td></tr></tbody>
<tbody id="t1"><tr><th colspan="4">Textbox &#8212; passed</th></tr><tr class="passedeven"><td rowspan="4">test.Testingbaba_textbox_test</td><td><a href="#m1">TextboxTestingBaba_test01</a></td><td rowspan="1">1647585434194</td><td rowspan="1">33</td></tr><tr class="passedeven"><td><a href="#m2">TextboxTestingBaba_test02</a></td><td rowspan="1">1647585434227</td><td rowspan="1">96</td></tr><tr class="passedeven"><td><a href="#m3">TextboxTestingBaba_test03</a></td><td rowspan="1">1647585434323</td><td rowspan="1">649</td></tr><tr class="passedeven"><td><a href="#m4">TextboxTestingBaba_test04</a></td><td rowspan="1">1647585434972</td><td rowspan="1">174</td></tr></tbody>
<tbody id="t2"><tr><th colspan="4">buttons &#8212; passed</th></tr><tr class="passedeven"><td rowspan="3">test.Testingbaba_buttons_test</td><td><a href="#m5">ButtonsTestingBaba_test01</a></td><td rowspan="1">1647585442580</td><td rowspan="1">139</td></tr><tr class="passedeven"><td><a href="#m6">ButtonsTestingBaba_test02</a></td><td rowspan="1">1647585442720</td><td rowspan="1">681</td></tr><tr class="passedeven"><td><a href="#m7">ButtonsTestingBaba_test03</a></td><td rowspan="1">1647585443402</td><td rowspan="1">175</td></tr></tbody>
<tbody id="t3"><tr><th colspan="4">checkbox &#8212; passed</th></tr><tr class="passedeven"><td rowspan="3">test.Testingbaba_checkbox_test</td><td><a href="#m8">CheckboxTestingBaba_test01</a></td><td rowspan="1">1647585451200</td><td rowspan="1">111</td></tr><tr class="passedeven"><td><a href="#m9">CheckboxTestingBaba_test02</a></td><td rowspan="1">1647585451312</td><td rowspan="1">106</td></tr><tr class="passedeven"><td><a href="#m10">CheckboxTestingBaba_test03</a></td><td rowspan="1">1647585451419</td><td rowspan="1">1372</td></tr></tbody>
<tbody id="t4"><tr><th colspan="4">dropdown &#8212; passed</th></tr><tr class="passedeven"><td rowspan="1">test.Testingbaba_dropdown_test</td><td><a href="#m11">DropdownTestingBaba_test01</a></td><td rowspan="1">1647585458026</td><td rowspan="1">2056</td></tr></tbody>
<tbody id="t5"><tr><th colspan="4">links &#8212; failed (configuration methods)</th></tr><tr class="failedeven"><td rowspan="1">test.Testingbaba_links_test</td><td><a href="#m12">launchtestingbaba</a></td><td rowspan="1">1647585460754</td><td rowspan="1">5962</td></tr><tr><th colspan="4">links &#8212; skipped (configuration methods)</th></tr><tr class="skippedeven"><td rowspan="1">test.Testingbaba_links_test</td><td><a href="#m13">Teardown</a></td><td rowspan="1">1647585466732</td><td rowspan="1">0</td></tr><tr><th colspan="4">links &#8212; skipped</th></tr><tr class="skippedeven"><td rowspan="2">test.Testingbaba_links_test</td><td><a href="#m14">LinksTestingBaba_test01</a></td><td rowspan="1">1647585466730</td><td rowspan="1">0</td></tr><tr class="skippedeven"><td><a href="#m15">LinksTestingBaba_test02</a></td><td rowspan="1">1647585466732</td><td rowspan="1">0</td></tr></tbody>
<tbody id="t6"><tr><th colspan="4">radio &#8212; passed</th></tr><tr class="passedeven"><td rowspan="1">test.Testingbaba_radio_test</td><td><a href="#m16">RadioButtonTestingBaba_test01</a></td><td rowspan="1">1647585471493</td><td rowspan="1">2640</td></tr></tbody>
<tbody id="t7"><tr><th colspan="4">autocomplete &#8212; passed</th></tr><tr class="passedeven"><td rowspan="3">test.Testingbaba_autocomplete_test</td><td><a href="#m17">AutocompleteTestingBaba_test01</a></td><td rowspan="1">1647585481505</td><td rowspan="1">116</td></tr><tr class="passedeven"><td><a href="#m18">AutocompleteTestingBaba_test02</a></td><td rowspan="1">1647585481623</td><td rowspan="1">1118</td></tr><tr class="passedeven"><td><a href="#m19">AutocompleteTestingBaba_test03</a></td><td rowspan="1">1647585482742</td><td rowspan="1">2298</td></tr></tbody>
<tbody id="t8"><tr><th colspan="4">Webtable &#8212; passed</th></tr><tr class="passedeven"><td rowspan="1">test.Testingbaba_webtables_test</td><td><a href="#m20">WebTablesTestingBaba_test01</a></td><td rowspan="1">1647585493176</td><td rowspan="1">4315</td></tr></tbody>
<tbody id="t9"><tr><th colspan="4">Flipkart &#8212; failed</th></tr><tr class="failedeven"><td rowspan="1">test.Flipkart_buy_test</td><td><a href="#m21">FlipkartProfileChange_Test02</a></td><td rowspan="1">1647585504584</td><td rowspan="1">13066</td></tr><tr><th colspan="4">Flipkart &#8212; passed</th></tr><tr class="passedeven"><td rowspan="1">test.Flipkart_buy_test</td><td><a href="#m22">FlipkartLogin_Test01</a></td><td rowspan="1">1647585502139</td><td rowspan="1">2444</td></tr></tbody>
<tbody id="t10"><tr><th colspan="4">Flipkart_Buy_product &#8212; passed</th></tr><tr class="passedeven"><td rowspan="1">test.Flipkart_buyproduct_test</td><td><a href="#m23">FlipkartLoginInvalidCred_Test01</a></td><td rowspan="1">1647585526211</td><td rowspan="1">2664</td></tr></tbody>
<tbody id="t11"><tr><th colspan="4">Makemytrip &#8212; passed</th></tr><tr class="passedeven"><td rowspan="2">test.Makemytrip_launch_test</td><td><a href="#m24">MakemyTripSendINValidNumber_Test02</a></td><td rowspan="1">1647585546207</td><td rowspan="1">10611</td></tr><tr class="passedeven"><td><a href="#m25">MakemyTripSendValidNumber_Test01</a></td><td rowspan="1">1647585536640</td><td rowspan="1">9567</td></tr></tbody>
</table>
<h2>smoke</h2><h3 id="m0">test.Testingbaba_launch_test#LaunchTestingBaba_test01</h3><table class="result"><tr><th>Messages</th></tr><tr><td><div class="messages">Testcase LaunchTestingBaba_test01 started successfully<br/>Testcase LaunchTestingBaba_test01 passed successfully</div></td></tr></table><p class="totop"><a href="#summary">back to summary</a></p>
<h2>Textbox</h2><h3 id="m1">test.Testingbaba_textbox_test#TextboxTestingBaba_test01</h3><table class="result"><tr><th>Messages</th></tr><tr><td><div class="messages">Testcase TextboxTestingBaba_test01 started successfully<br/>inside test01<br/>Testcase TextboxTestingBaba_test01 passed successfully</div></td></tr></table><p class="totop"><a href="#summary">back to summary</a></p>
<h3 id="m2">test.Testingbaba_textbox_test#TextboxTestingBaba_test02</h3><table class="result"><tr><th>Messages</th></tr><tr><td><div class="messages">Testcase TextboxTestingBaba_test02 started successfully<br/>inside test01<br/>Testcase TextboxTestingBaba_test02 passed successfully</div></td></tr></table><p class="totop"><a href="#summary">back to summary</a></p>
<h3 id="m3">test.Testingbaba_textbox_test#TextboxTestingBaba_test03</h3><table class="result"><tr><th>Messages</th></tr><tr><td><div class="messages">Testcase TextboxTestingBaba_test03 started successfully<br/>inside test01<br/>Testcase TextboxTestingBaba_test03 passed successfully</div></td></tr></table><p class="totop"><a href="#summary">back to summary</a></p>
<h3 id="m4">test.Testingbaba_textbox_test#TextboxTestingBaba_test04</h3><table class="result"><tr><th>Messages</th></tr><tr><td><div class="messages">Testcase TextboxTestingBaba_test04 started successfully<br/>inside test01<br/>Testcase TextboxTestingBaba_test04 passed successfully</div></td></tr></table><p class="totop"><a href="#summary">back to summary</a></p>
<h2>buttons</h2><h3 id="m5">test.Testingbaba_buttons_test#ButtonsTestingBaba_test01</h3><table class="result"><tr><th>Messages</th></tr><tr><td><div class="messages">Testcase ButtonsTestingBaba_test01 started successfully<br/>Testcase ButtonsTestingBaba_test01 passed successfully</div></td></tr></table><p class="totop"><a href="#summary">back to summary</a></p>
<h3 id="m6">test.Testingbaba_buttons_test#ButtonsTestingBaba_test02</h3><table class="result"><tr><th>Messages</th></tr><tr><td><div class="messages">Testcase ButtonsTestingBaba_test02 started successfully<br/>Testcase ButtonsTestingBaba_test02 passed successfully</div></td></tr></table><p class="totop"><a href="#summary">back to summary</a></p>
<h3 id="m7">test.Testingbaba_buttons_test#ButtonsTestingBaba_test03</h3><table class="result"><tr><th>Messages</th></tr><tr><td><div class="messages">Testcase ButtonsTestingBaba_test03 started successfully<br/>Testcase ButtonsTestingBaba_test03 passed successfully</div></td></tr></table><p class="totop"><a href="#summary">back to summary</a></p>
<h2>checkbox</h2><h3 id="m8">test.Testingbaba_checkbox_test#CheckboxTestingBaba_test01</h3><table class="result"><tr><th>Messages</th></tr><tr><td><div class="messages">Testcase CheckboxTestingBaba_test01 started successfully<br/>Testcase CheckboxTestingBaba_test01 passed successfully</div></td></tr></table><p class="totop"><a href="#summary">back to summary</a></p>
<h3 id="m9">test.Testingbaba_checkbox_test#CheckboxTestingBaba_test02</h3><table class="result"><tr><th>Messages</th></tr><tr><td><div class="messages">Testcase CheckboxTestingBaba_test02 started successfully<br/>Testcase CheckboxTestingBaba_test02 passed successfully</div></td></tr></table><p class="totop"><a href="#summary">back to summary</a></p>
<h3 id="m10">test.Testingbaba_checkbox_test#CheckboxTestingBaba_test03</h3><table class="result"><tr><th>Messages</th></tr><tr><td><div class="messages">Testcase CheckboxTestingBaba_test03 started successfully<br/>Testcase CheckboxTestingBaba_test03 passed successfully</div></td></tr></table><p class="totop"><a href="#summary">back to summary</a></p>
<h2>dropdown</h2><h3 id="m11">test.Testingbaba_dropdown_test#DropdownTestingBaba_test01</h3><table class="result"><tr><th>Messages</th></tr><tr><td><div class="messages">Testcase DropdownTestingBaba_test01 started successfully<br/>Testcase DropdownTestingBaba_test01 passed successfully</div></td></tr></table><p class="totop"><a href="#summary">back to summary</a></p>
<h2>links</h2><h3 id="m12">test.Testingbaba_links_test#launchtestingbaba</h3><table class="result"><tr><th>Messages</th></tr><tr><td><div class="messages">launching browser</div></td></tr><tr><th>Exception</th></tr><tr><td><div class="stacktrace">org.openqa.selenium.ElementClickInterceptedException: element click intercepted: Element &lt;a class=&quot;nav-link&quot; href=&quot;newdemo.html&quot;&gt;...&lt;/a&gt; is not clickable at point (566, 34). Other element would receive the click: &lt;div class=&quot;modal-header&quot;&gt;...&lt;/div&gt;
  (Session info: chrome=99.0.4844.74)
Build info: version: &apos;4.1.2&apos;, revision: &apos;9a5a329c5a&apos;
System info: host: &apos;DESKTOP-493EAAE&apos;, ip: &apos;192.168.1.5&apos;, os.name: &apos;Windows 10&apos;, os.arch: &apos;amd64&apos;, os.version: &apos;10.0&apos;, java.version: &apos;11.0.12&apos;
Driver info: org.openqa.selenium.chrome.ChromeDriver
Command: [bc35cfff73c0761bd5ce00c0bc892122, clickElement {id=6ea9913d-b859-43ec-9cf2-e11ec4c6f49f}]
Capabilities {acceptInsecureCerts: false, browserName: chrome, browserVersion: 99.0.4844.74, chrome: {chromedriverVersion: 99.0.4844.51 (d537ec02474b5..., userDataDir: C:\WINDOWS\TEMP\scoped_dir7...}, goog:chromeOptions: {debuggerAddress: localhost:65490}, javascriptEnabled: true, networkConnectionEnabled: false, pageLoadStrategy: normal, platform: WINDOWS, platformName: WINDOWS, proxy: Proxy(), se:cdp: ws://localhost:65490/devtoo..., se:cdpVersion: 99.0.4844.74, setWindowRect: true, strictFileInteractability: false, timeouts: {implicit: 0, pageLoad: 300000, script: 30000}, unhandledPromptBehavior: dismiss and notify, webauthn:extension:credBlob: true, webauthn:extension:largeBlob: true, webauthn:virtualAuthenticators: true}
Element: [[ChromeDriver: chrome on WINDOWS (bc35cfff73c0761bd5ce00c0bc892122)] -&gt; xpath: //*[@id=&quot;navbarSupportedContent&quot;]/ul/li[5]/a]
Session ID: bc35cfff73c0761bd5ce00c0bc892122
	at org.openqa.selenium.remote.codec.w3c.W3CHttpResponseCodec.createException(W3CHttpResponseCodec.java:200)
	at org.openqa.selenium.remote.codec.w3c.W3CHttpResponseCodec.decode(W3CHttpResponseCodec.java:133)
	at org.openqa.selenium.remote.codec.w3c.W3CHttpResponseCodec.decode(W3CHttpResponseCodec.java:53)
	at org.openqa.selenium.remote.HttpCommandExecutor.execute(HttpCommandExecutor.java:184)
	at org.openqa.selenium.remote.service.DriverCommandExecutor.invokeExecute(DriverCommandExecutor.java:167)
	at org.openqa.selenium.remote.service.DriverCommandExecutor.execute(DriverCommandExecutor.java:142)
	at org.openqa.selenium.remote.RemoteWebDriver.execute(RemoteWebDriver.java:558)
	at org.openqa.selenium.remote.RemoteWebElement.execute(RemoteWebElement.java:251)
	at org.openqa.selenium.remote.RemoteWebElement.click(RemoteWebElement.java:77)
	at org.openqa.selenium.support.pagefactory.internal.LocatingElementHandler.invoke(LocatingElementHandler.java:52)
	at com.sun.proxy.$Proxy30.click(Unknown Source)
	at pages.Testingbaba_links_page.closebtn(Testingbaba_links_page.java:41)
	at test.Testingbaba_links_test.launchtestingbaba(Testingbaba_links_test.java:23)
... Removed 35 stack frames</div></td></tr></table><p class="totop"><a href="#summary">back to summary</a></p>
<h3 id="m13">test.Testingbaba_links_test#Teardown</h3><table class="result"><tr><th class="invisible"/></tr></table><p class="totop"><a href="#summary">back to summary</a></p>
<h3 id="m14">test.Testingbaba_links_test#LinksTestingBaba_test01</h3><table class="result"><tr><th>Messages</th></tr><tr><td><div class="messages">Testcase LinksTestingBaba_test01 got skipped<br/>Testcase LinksTestingBaba_test02 started successfully</div></td></tr><tr><th>Exception</th></tr><tr><td><div class="stacktrace">org.openqa.selenium.ElementClickInterceptedException: element click intercepted: Element &lt;a class=&quot;nav-link&quot; href=&quot;newdemo.html&quot;&gt;...&lt;/a&gt; is not clickable at point (566, 34). Other element would receive the click: &lt;div class=&quot;modal-header&quot;&gt;...&lt;/div&gt;
  (Session info: chrome=99.0.4844.74)
Build info: version: &apos;4.1.2&apos;, revision: &apos;9a5a329c5a&apos;
System info: host: &apos;DESKTOP-493EAAE&apos;, ip: &apos;192.168.1.5&apos;, os.name: &apos;Windows 10&apos;, os.arch: &apos;amd64&apos;, os.version: &apos;10.0&apos;, java.version: &apos;11.0.12&apos;
Driver info: org.openqa.selenium.chrome.ChromeDriver
Command: [bc35cfff73c0761bd5ce00c0bc892122, clickElement {id=6ea9913d-b859-43ec-9cf2-e11ec4c6f49f}]
Capabilities {acceptInsecureCerts: false, browserName: chrome, browserVersion: 99.0.4844.74, chrome: {chromedriverVersion: 99.0.4844.51 (d537ec02474b5..., userDataDir: C:\WINDOWS\TEMP\scoped_dir7...}, goog:chromeOptions: {debuggerAddress: localhost:65490}, javascriptEnabled: true, networkConnectionEnabled: false, pageLoadStrategy: normal, platform: WINDOWS, platformName: WINDOWS, proxy: Proxy(), se:cdp: ws://localhost:65490/devtoo..., se:cdpVersion: 99.0.4844.74, setWindowRect: true, strictFileInteractability: false, timeouts: {implicit: 0, pageLoad: 300000, script: 30000}, unhandledPromptBehavior: dismiss and notify, webauthn:extension:credBlob: true, webauthn:extension:largeBlob: true, webauthn:virtualAuthenticators: true}
Element: [[ChromeDriver: chrome on WINDOWS (bc35cfff73c0761bd5ce00c0bc892122)] -&gt; xpath: //*[@id=&quot;navbarSupportedContent&quot;]/ul/li[5]/a]
Session ID: bc35cfff73c0761bd5ce00c0bc892122
	at org.openqa.selenium.remote.codec.w3c.W3CHttpResponseCodec.createException(W3CHttpResponseCodec.java:200)
	at org.openqa.selenium.remote.codec.w3c.W3CHttpResponseCodec.decode(W3CHttpResponseCodec.java:133)
	at org.openqa.selenium.remote.codec.w3c.W3CHttpResponseCodec.decode(W3CHttpResponseCodec.java:53)
	at org.openqa.selenium.remote.HttpCommandExecutor.execute(HttpCommandExecutor.java:184)
	at org.openqa.selenium.remote.service.DriverCommandExecutor.invokeExecute(DriverCommandExecutor.java:167)
	at org.openqa.selenium.remote.service.DriverCommandExecutor.execute(DriverCommandExecutor.java:142)
	at org.openqa.selenium.remote.RemoteWebDriver.execute(RemoteWebDriver.java:558)
	at org.openqa.selenium.remote.RemoteWebElement.execute(RemoteWebElement.java:251)
	at org.openqa.selenium.remote.RemoteWebElement.click(RemoteWebElement.java:77)
	at org.openqa.selenium.support.pagefactory.internal.LocatingElementHandler.invoke(LocatingElementHandler.java:52)
	at com.sun.proxy.$Proxy30.click(Unknown Source)
	at pages.Testingbaba_links_page.closebtn(Testingbaba_links_page.java:41)
	at test.Testingbaba_links_test.launchtestingbaba(Testingbaba_links_test.java:23)
... Removed 35 stack frames</div></td></tr></table><p class="totop"><a href="#summary">back to summary</a></p>
<h3 id="m15">test.Testingbaba_links_test#LinksTestingBaba_test02</h3><table class="result"><tr><th>Messages</th></tr><tr><td><div class="messages">Testcase LinksTestingBaba_test02 got skipped<br/>About to end executing Class links<br/>About to begin executing Class radio</div></td></tr><tr><th>Exception</th></tr><tr><td><div class="stacktrace">org.openqa.selenium.ElementClickInterceptedException: element click intercepted: Element &lt;a class=&quot;nav-link&quot; href=&quot;newdemo.html&quot;&gt;...&lt;/a&gt; is not clickable at point (566, 34). Other element would receive the click: &lt;div class=&quot;modal-header&quot;&gt;...&lt;/div&gt;
  (Session info: chrome=99.0.4844.74)
Build info: version: &apos;4.1.2&apos;, revision: &apos;9a5a329c5a&apos;
System info: host: &apos;DESKTOP-493EAAE&apos;, ip: &apos;192.168.1.5&apos;, os.name: &apos;Windows 10&apos;, os.arch: &apos;amd64&apos;, os.version: &apos;10.0&apos;, java.version: &apos;11.0.12&apos;
Driver info: org.openqa.selenium.chrome.ChromeDriver
Command: [bc35cfff73c0761bd5ce00c0bc892122, clickElement {id=6ea9913d-b859-43ec-9cf2-e11ec4c6f49f}]
Capabilities {acceptInsecureCerts: false, browserName: chrome, browserVersion: 99.0.4844.74, chrome: {chromedriverVersion: 99.0.4844.51 (d537ec02474b5..., userDataDir: C:\WINDOWS\TEMP\scoped_dir7...}, goog:chromeOptions: {debuggerAddress: localhost:65490}, javascriptEnabled: true, networkConnectionEnabled: false, pageLoadStrategy: normal, platform: WINDOWS, platformName: WINDOWS, proxy: Proxy(), se:cdp: ws://localhost:65490/devtoo..., se:cdpVersion: 99.0.4844.74, setWindowRect: true, strictFileInteractability: false, timeouts: {implicit: 0, pageLoad: 300000, script: 30000}, unhandledPromptBehavior: dismiss and notify, webauthn:extension:credBlob: true, webauthn:extension:largeBlob: true, webauthn:virtualAuthenticators: true}
Element: [[ChromeDriver: chrome on WINDOWS (bc35cfff73c0761bd5ce00c0bc892122)] -&gt; xpath: //*[@id=&quot;navbarSupportedContent&quot;]/ul/li[5]/a]
Session ID: bc35cfff73c0761bd5ce00c0bc892122
	at org.openqa.selenium.remote.codec.w3c.W3CHttpResponseCodec.createException(W3CHttpResponseCodec.java:200)
	at org.openqa.selenium.remote.codec.w3c.W3CHttpResponseCodec.decode(W3CHttpResponseCodec.java:133)
	at org.openqa.selenium.remote.codec.w3c.W3CHttpResponseCodec.decode(W3CHttpResponseCodec.java:53)
	at org.openqa.selenium.remote.HttpCommandExecutor.execute(HttpCommandExecutor.java:184)
	at org.openqa.selenium.remote.service.DriverCommandExecutor.invokeExecute(DriverCommandExecutor.java:167)
	at org.openqa.selenium.remote.service.DriverCommandExecutor.execute(DriverCommandExecutor.java:142)
	at org.openqa.selenium.remote.RemoteWebDriver.execute(RemoteWebDriver.java:558)
	at org.openqa.selenium.remote.RemoteWebElement.execute(RemoteWebElement.java:251)
	at org.openqa.selenium.remote.RemoteWebElement.click(RemoteWebElement.java:77)
	at org.openqa.selenium.support.pagefactory.internal.LocatingElementHandler.invoke(LocatingElementHandler.java:52)
	at com.sun.proxy.$Proxy30.click(Unknown Source)
	at pages.Testingbaba_links_page.closebtn(Testingbaba_links_page.java:41)
	at test.Testingbaba_links_test.launchtestingbaba(Testingbaba_links_test.java:23)
... Removed 35 stack frames</div></td></tr></table><p class="totop"><a href="#summary">back to summary</a></p>
<h2>radio</h2><h3 id="m16">test.Testingbaba_radio_test#RadioButtonTestingBaba_test01</h3><table class="result"><tr><th>Messages</th></tr><tr><td><div class="messages">Testcase RadioButtonTestingBaba_test01 started successfully<br/>Testcase RadioButtonTestingBaba_test01 passed successfully</div></td></tr></table><p class="totop"><a href="#summary">back to summary</a></p>
<h2>autocomplete</h2><h3 id="m17">test.Testingbaba_autocomplete_test#AutocompleteTestingBaba_test01</h3><table class="result"><tr><th>Messages</th></tr><tr><td><div class="messages">Testcase AutocompleteTestingBaba_test01 started successfully<br/>Testcase AutocompleteTestingBaba_test01 passed successfully</div></td></tr></table><p class="totop"><a href="#summary">back to summary</a></p>
<h3 id="m18">test.Testingbaba_autocomplete_test#AutocompleteTestingBaba_test02</h3><table class="result"><tr><th>Messages</th></tr><tr><td><div class="messages">Testcase AutocompleteTestingBaba_test02 started successfully<br/>Testcase AutocompleteTestingBaba_test02 passed successfully</div></td></tr></table><p class="totop"><a href="#summary">back to summary</a></p>
<h3 id="m19">test.Testingbaba_autocomplete_test#AutocompleteTestingBaba_test03</h3><table class="result"><tr><th>Messages</th></tr><tr><td><div class="messages">Testcase AutocompleteTestingBaba_test03 started successfully<br/>Testcase AutocompleteTestingBaba_test03 passed successfully</div></td></tr></table><p class="totop"><a href="#summary">back to summary</a></p>
<h2>Webtable</h2><h3 id="m20">test.Testingbaba_webtables_test#WebTablesTestingBaba_test01</h3><table class="result"><tr><th>Messages</th></tr><tr><td><div class="messages">Testcase WebTablesTestingBaba_test01 started successfully<br/>Testcase WebTablesTestingBaba_test01 passed successfully</div></td></tr></table><p class="totop"><a href="#summary">back to summary</a></p>
<h2>Flipkart</h2><h3 id="m21">test.Flipkart_buy_test#FlipkartProfileChange_Test02</h3><table class="result"><tr><th>Messages</th></tr><tr><td><div class="messages">Testcase FlipkartProfileChange_Test02 started successfully<br/>Testcase FlipkartProfileChange_Test02 failed</div></td></tr><tr><th>Exception</th></tr><tr><td><div class="stacktrace">org.openqa.selenium.json.JsonException: java.lang.reflect.InvocationTargetException
Build info: version: &apos;4.1.2&apos;, revision: &apos;9a5a329c5a&apos;
System info: host: &apos;DESKTOP-493EAAE&apos;, ip: &apos;192.168.1.5&apos;, os.name: &apos;Windows 10&apos;, os.arch: &apos;amd64&apos;, os.version: &apos;10.0&apos;, java.version: &apos;11.0.12&apos;
Driver info: org.openqa.selenium.chrome.ChromeDriver
Command: [b6d9b76c2147fd690e3a6ba24490e959, actions {actions=[org.openqa.selenium.interactions.Sequence@6f240187]}]
Capabilities {acceptInsecureCerts: false, browserName: chrome, browserVersion: 99.0.4844.74, chrome: {chromedriverVersion: 99.0.4844.51 (d537ec02474b5..., userDataDir: C:\WINDOWS\TEMP\scoped_dir2...}, goog:chromeOptions: {debuggerAddress: localhost:49211}, javascriptEnabled: true, networkConnectionEnabled: false, pageLoadStrategy: normal, platform: WINDOWS, platformName: WINDOWS, proxy: Proxy(), se:cdp: ws://localhost:49211/devtoo..., se:cdpVersion: 99.0.4844.74, setWindowRect: true, strictFileInteractability: false, timeouts: {implicit: 0, pageLoad: 300000, script: 30000}, unhandledPromptBehavior: dismiss and notify, webauthn:extension:credBlob: true, webauthn:extension:largeBlob: true, webauthn:virtualAuthenticators: true}
Session ID: b6d9b76c2147fd690e3a6ba24490e959
	at org.openqa.selenium.json.JsonOutput.convertUsingMethod(JsonOutput.java:362)
	at org.openqa.selenium.json.JsonOutput.lambda$new$16(JsonOutput.java:154)
	at org.openqa.selenium.json.JsonOutput.write(JsonOutput.java:287)
	at org.openqa.selenium.json.JsonOutput.lambda$new$22(JsonOutput.java:169)
	at java.base/java.util.stream.ForEachOps$ForEachOp$OfRef.accept(ForEachOps.java:183)
	at java.base/java.util.stream.ReferencePipeline$2$1.accept(ReferencePipeline.java:177)
	at java.base/java.util.Iterator.forEachRemaining(Iterator.java:133)
	at java.base/java.util.Spliterators$IteratorSpliterator.forEachRemaining(Spliterators.java:1801)
	at java.base/java.util.stream.AbstractPipeline.copyInto(AbstractPipeline.java:484)
	at java.base/java.util.stream.AbstractPipeline.wrapAndCopyInto(AbstractPipeline.java:474)
	at java.base/java.util.stream.ForEachOps$ForEachOp.evaluateSequential(ForEachOps.java:150)
	at java.base/java.util.stream.ForEachOps$ForEachOp$OfRef.evaluateSequential(ForEachOps.java:173)
	at java.base/java.util.stream.AbstractPipeline.evaluate(AbstractPipeline.java:234)
	at java.base/java.util.stream.ReferencePipeline.forEach(ReferencePipeline.java:497)
	at org.openqa.selenium.json.JsonOutput.lambda$new$23(JsonOutput.java:169)
	at org.openqa.selenium.json.JsonOutput.write(JsonOutput.java:287)
	at org.openqa.selenium.json.JsonOutput.lambda$new$24(JsonOutput.java:182)
	at com.google.common.collect.SingletonImmutableBiMap.forEach(SingletonImmutableBiMap.java:68)
	at org.openqa.selenium.json.JsonOutput.lambda$new$25(JsonOutput.java:177)
	at org.openqa.selenium.json.JsonOutput.write(JsonOutput.java:287)
	at org.openqa.selenium.json.JsonOutput.write(JsonOutput.java:278)
	at org.openqa.selenium.json.Json.toJson(Json.java:42)
	at org.openqa.selenium.remote.codec.AbstractHttpCommandCodec.encode(AbstractHttpCommandCodec.java:259)
	at org.openqa.selenium.remote.codec.AbstractHttpCommandCodec.encode(AbstractHttpCommandCodec.java:127)
	at org.openqa.selenium.remote.HttpCommandExecutor.execute(HttpCommandExecutor.java:172)
	at org.openqa.selenium.remote.service.DriverCommandExecutor.invokeExecute(DriverCommandExecutor.java:167)
	at org.openqa.selenium.remote.service.DriverCommandExecutor.execute(DriverCommandExecutor.java:142)
	at org.openqa.selenium.remote.RemoteWebDriver.execute(RemoteWebDriver.java:558)
	at org.openqa.selenium.remote.RemoteWebDriver.perform(RemoteWebDriver.java:626)
	at org.openqa.selenium.interactions.Actions$BuiltAction.perform(Actions.java:656)
	at org.openqa.selenium.interactions.Actions.perform(Actions.java:612)
	at applicationutility.Applicationutility.mousehover(Applicationutility.java:61)
	at pages.Flipkart_buy_page.Namechange(Flipkart_buy_page.java:65)
	at test.Flipkart_buy_test.FlipkartProfileChange_Test02(Flipkart_buy_test.java:43)
	at java.base/java.util.ArrayList.forEach(ArrayList.java:1541)
	Suppressed: org.openqa.selenium.json.JsonException: Attempting to close incomplete json stream
Build info: version: &apos;4.1.2&apos;, revision: &apos;9a5a329c5a&apos;
System info: host: &apos;DESKTOP-493EAAE&apos;, ip: &apos;192.168.1.5&apos;, os.name: &apos;Windows 10&apos;, os.arch: &apos;amd64&apos;, os.version: &apos;10.0&apos;, java.version: &apos;11.0.12&apos;
Driver info: driver.version: RemoteWebDriver
		at org.openqa.selenium.json.JsonOutput.close(JsonOutput.java:303)
		at org.openqa.selenium.json.Json.toJson(Json.java:40)
		... 44 more
	at org.openqa.selenium.json.JsonOutput.convertUsingMethod(JsonOutput.java:358)
	... 65 more
Caused by: org.openqa.selenium.NoSuchElementException: no such element: Unable to locate element: {&quot;method&quot;:&quot;xpath&quot;,&quot;selector&quot;:&quot;//div[contains(text(),&apos;shivam dubey&apos;)]&quot;}
  (Session info: chrome=99.0.4844.74)
For documentation on this error, please visit: https://selenium.dev/exceptions/#no_such_element
Build info: version: &apos;4.1.2&apos;, revision: &apos;9a5a329c5a&apos;
System info: host: &apos;DESKTOP-493EAAE&apos;, ip: &apos;192.168.1.5&apos;, os.name: &apos;Windows 10&apos;, os.arch: &apos;amd64&apos;, os.version: &apos;10.0&apos;, java.version: &apos;11.0.12&apos;
Driver info: org.openqa.selenium.chrome.ChromeDriver
Command: [b6d9b76c2147fd690e3a6ba24490e959, findElement {using=xpath, value=//div[contains(text(),&apos;shivam dubey&apos;)]}]
Capabilities {acceptInsecureCerts: false, browserName: chrome, browserVersion: 99.0.4844.74, chrome: {chromedriverVersion: 99.0.4844.51 (d537ec02474b5..., userDataDir: C:\WINDOWS\TEMP\scoped_dir2...}, goog:chromeOptions: {debuggerAddress: localhost:49211}, javascriptEnabled: true, networkConnectionEnabled: false, pageLoadStrategy: normal, platform: WINDOWS, platformName: WINDOWS, proxy: Proxy(), se:cdp: ws://localhost:49211/devtoo..., se:cdpVersion: 99.0.4844.74, setWindowRect: true, strictFileInteractability: false, timeouts: {implicit: 0, pageLoad: 300000, script: 30000}, unhandledPromptBehavior: dismiss and notify, webauthn:extension:credBlob: true, webauthn:extension:largeBlob: true, webauthn:virtualAuthenticators: true}
Session ID: b6d9b76c2147fd690e3a6ba24490e959
	at org.openqa.selenium.remote.codec.w3c.W3CHttpResponseCodec.createException(W3CHttpResponseCodec.java:200)
	at org.openqa.selenium.remote.codec.w3c.W3CHttpResponseCodec.decode(W3CHttpResponseCodec.java:133)
	at org.openqa.selenium.remote.codec.w3c.W3CHttpResponseCodec.decode(W3CHttpResponseCodec.java:53)
	at org.openqa.selenium.remote.HttpCommandExecutor.execute(HttpCommandExecutor.java:184)
	at org.openqa.selenium.remote.service.DriverCommandExecutor.invokeExecute(DriverCommandExecutor.java:167)
	at org.openqa.selenium.remote.service.DriverCommandExecutor.execute(DriverCommandExecutor.java:142)
	at org.openqa.selenium.remote.RemoteWebDriver.execute(RemoteWebDriver.java:558)
	at org.openqa.selenium.remote.ElementLocation$ElementFinder$2.findElement(ElementLocation.java:162)
	at org.openqa.selenium.remote.ElementLocation.findElement(ElementLocation.java:60)
	at org.openqa.selenium.remote.RemoteWebDriver.findElement(RemoteWebDriver.java:382)
	at org.openqa.selenium.remote.RemoteWebDriver.findElement(RemoteWebDriver.java:374)
	at org.openqa.selenium.support.pagefactory.DefaultElementLocator.findElement(DefaultElementLocator.java:70)
	at org.openqa.selenium.support.pagefactory.internal.LocatingElementHandler.invoke(LocatingElementHandler.java:39)
	at com.sun.proxy.$Proxy30.getWrappedElement(Unknown Source)
	at org.openqa.selenium.interactions.PointerInput$Origin.asArg(PointerInput.java:206)
	at org.openqa.selenium.interactions.PointerInput$Move.encode(PointerInput.java:157)
	at org.openqa.selenium.interactions.Sequence.encode(Sequence.java:73)
	at org.openqa.selenium.interactions.Sequence.toJson(Sequence.java:82)
	... 70 more
... Removed 40 stack frames</div></td></tr></table><p class="totop"><a href="#summary">back to summary</a></p>
<h3 id="m22">test.Flipkart_buy_test#FlipkartLogin_Test01</h3><table class="result"><tr><th>Messages</th></tr><tr><td><div class="messages">Testcase FlipkartLogin_Test01 started successfully<br/>Testcase FlipkartLogin_Test01 passed successfully</div></td></tr></table><p class="totop"><a href="#summary">back to summary</a></p>
<h2>Flipkart_Buy_product</h2><h3 id="m23">test.Flipkart_buyproduct_test#FlipkartLoginInvalidCred_Test01</h3><table class="result"><tr><th>Messages</th></tr><tr><td><div class="messages">Testcase FlipkartLoginInvalidCred_Test01 started successfully<br/>Testcase FlipkartLoginInvalidCred_Test01 passed successfully</div></td></tr></table><p class="totop"><a href="#summary">back to summary</a></p>
<h2>Makemytrip</h2><h3 id="m24">test.Makemytrip_launch_test#MakemyTripSendINValidNumber_Test02</h3><table class="result"><tr><th>Messages</th></tr><tr><td><div class="messages">Testcase MakemyTripSendINValidNumber_Test02 started successfully<br/>adding these steps<br/>Testcase MakemyTripSendINValidNumber_Test02 passed successfully</div></td></tr></table><p class="totop"><a href="#summary">back to summary</a></p>
<h3 id="m25">test.Makemytrip_launch_test#MakemyTripSendValidNumber_Test01</h3><table class="result"><tr><th>Messages</th></tr><tr><td><div class="messages">Testcase MakemyTripSendValidNumber_Test01 started successfully<br/>Testcase MakemyTripSendValidNumber_Test01 passed successfully</div></td></tr></table><p class="totop"><a href="#summary">back to summary</a></p>
</body>
</html>
